d:\учеба\5 семестр\курсовая\cw_git\music_player\cw_1\debug\vc141.pdb
d:\учеба\5 семестр\курсовая\cw_git\music_player\cw_1\debug\vc141.idb
d:\учеба\5 семестр\курсовая\cw_git\music_player\cw_1\debug\bass_manager.obj
d:\учеба\5 семестр\курсовая\cw_git\music_player\cw_1\debug\bitmapimage.obj
d:\учеба\5 семестр\курсовая\cw_git\music_player\cw_1\debug\main.obj
d:\учеба\5 семестр\курсовая\cw_git\music_player\cw_1\debug\trackbar.obj
d:\учеба\5 семестр\курсовая\cw_git\music_player\cw_1\debug\window_manager.obj
d:\учеба\5 семестр\курсовая\cw_git\music_player\cw_1\debug\window_menu.obj
d:\учеба\5 семестр\курсовая\cw_git\music_player\debug\cw_1.exe
d:\учеба\5 семестр\курсовая\cw_git\music_player\debug\cw_1.ilk
d:\учеба\5 семестр\курсовая\cw_git\music_player\debug\cw_1.pdb
d:\учеба\5 семестр\курсовая\cw_git\music_player\cw_1\debug\draw_manager.obj
d:\учеба\5 семестр\курсовая\cw_git\music_player\cw_1\debug\bass_manager.obj.enc
d:\учеба\5 семестр\курсовая\cw_git\music_player\cw_1\debug\bitmapimage.obj.enc
d:\учеба\5 семестр\курсовая\cw_git\music_player\cw_1\debug\window_manager.obj.enc
d:\учеба\5 семестр\курсовая\cw_git\music_player\cw_1\debug\cw_1.tlog\cl.command.1.tlog
d:\учеба\5 семестр\курсовая\cw_git\music_player\cw_1\debug\cw_1.tlog\cl.read.1.tlog
d:\учеба\5 семестр\курсовая\cw_git\music_player\cw_1\debug\cw_1.tlog\cl.write.1.tlog
d:\учеба\5 семестр\курсовая\cw_git\music_player\cw_1\debug\cw_1.tlog\link.command.1.tlog
d:\учеба\5 семестр\курсовая\cw_git\music_player\cw_1\debug\cw_1.tlog\link.read.1.tlog
d:\учеба\5 семестр\курсовая\cw_git\music_player\cw_1\debug\cw_1.tlog\link.write.1.tlog
